2022-03-02T09:36:49+00:00 CRITICAL Uncaught Error: Call to undefined function woocommerce_wp_text_input() in E:\OpenServer\domains\noorlogic\wp-content\themes\storefront-child\functions.php:15
Stack trace:
#0 E:\OpenServer\domains\noorlogic\wp-settings.php(555): include()
#1 E:\OpenServer\domains\noorlogic\wp-config.php(96): require_once('E:\\OpenServer\\d...')
#2 E:\OpenServer\domains\noorlogic\wp-load.php(50): require_once('E:\\OpenServer\\d...')
#3 E:\OpenServer\domains\noorlogic\wp-admin\admin-ajax.php(22): require_once('E:\\OpenServer\\d...')
#4 {main}
  thrown in E:\OpenServer\domains\noorlogic\wp-content\themes\storefront-child\functions.php on line 15

2022-03-02T09:36:54+00:00 CRITICAL Uncaught Error: Call to undefined function woocommerce_wp_text_input() in E:\OpenServer\domains\noorlogic\wp-content\themes\storefront-child\functions.php:15
Stack trace:
#0 E:\OpenServer\domains\noorlogic\wp-settings.php(555): include()
#1 E:\OpenServer\domains\noorlogic\wp-config.php(96): require_once('E:\\OpenServer\\d...')
#2 E:\OpenServer\domains\noorlogic\wp-load.php(50): require_once('E:\\OpenServer\\d...')
#3 E:\OpenServer\domains\noorlogic\wp-admin\admin-ajax.php(22): require_once('E:\\OpenServer\\d...')
#4 {main}
  thrown in E:\OpenServer\domains\noorlogic\wp-content\themes\storefront-child\functions.php on line 15

2022-03-02T09:37:02+00:00 CRITICAL Uncaught Error: Call to undefined function woocommerce_wp_text_input() in E:\OpenServer\domains\noorlogic\wp-content\themes\storefront-child\functions.php:15
Stack trace:
#0 E:\OpenServer\domains\noorlogic\wp-settings.php(555): include()
#1 E:\OpenServer\domains\noorlogic\wp-config.php(96): require_once('E:\\OpenServer\\d...')
#2 E:\OpenServer\domains\noorlogic\wp-load.php(50): require_once('E:\\OpenServer\\d...')
#3 E:\OpenServer\domains\noorlogic\wp-admin\admin-ajax.php(22): require_once('E:\\OpenServer\\d...')
#4 {main}
  thrown in E:\OpenServer\domains\noorlogic\wp-content\themes\storefront-child\functions.php on line 15

2022-03-02T09:37:54+00:00 CRITICAL syntax error, unexpected 'function' (T_FUNCTION), expecting ')' in E:\OpenServer\domains\noorlogic\wp-content\themes\storefront-child\functions.php on line 134

2022-03-02T09:42:33+00:00 CRITICAL syntax error, unexpected ';', expecting ')' in E:\OpenServer\domains\noorlogic\wp-content\themes\storefront-child\functions.php on line 28

2022-03-02T09:42:34+00:00 CRITICAL syntax error, unexpected ';', expecting ')' in E:\OpenServer\domains\noorlogic\wp-content\themes\storefront-child\functions.php on line 28

2022-03-02T09:42:34+00:00 CRITICAL syntax error, unexpected ';', expecting ')' in E:\OpenServer\domains\noorlogic\wp-content\themes\storefront-child\functions.php on line 28

2022-03-02T09:44:45+00:00 CRITICAL Uncaught Error: Call to undefined function woocommerce_wp_text() in E:\OpenServer\domains\noorlogic\wp-content\themes\storefront-child\functions.php:23
Stack trace:
#0 E:\OpenServer\domains\noorlogic\wp-includes\class-wp-hook.php(307): woocommerce_general_product_data_custom_field('')
#1 E:\OpenServer\domains\noorlogic\wp-includes\class-wp-hook.php(331): WP_Hook->apply_filters(NULL, Array)
#2 E:\OpenServer\domains\noorlogic\wp-includes\plugin.php(474): WP_Hook->do_action(Array)
#3 E:\OpenServer\domains\noorlogic\wp-content\plugins\woocommerce\includes\admin\meta-boxes\views\html-product-data-general.php(188): do_action('woocommerce_pro...')
#4 E:\OpenServer\domains\noorlogic\wp-content\plugins\woocommerce\includes\admin\meta-boxes\class-wc-meta-box-product-data.php(42): include('E:\\OpenServer\\d...')
#5 E:\OpenServer\domains\noorlogic\wp-content\plugins\woocommerce\includes\admin\meta-boxes\views\html-product-data-panel.php(51): WC_Meta_Box_Product_Data::output_tabs()
#6 E:\OpenServer\domains\noorlogic\wp-co in E:\OpenServer\domains\noorlogic\wp-content\themes\storefront-child\functions.php on line 23

2022-03-02T09:48:39+00:00 CRITICAL Uncaught Error: Call to undefined function woocommerce_wp_text_input() in E:\OpenServer\domains\noorlogic\wp-content\themes\storefront-child\functions.php:35
Stack trace:
#0 E:\OpenServer\domains\noorlogic\wp-settings.php(555): include()
#1 E:\OpenServer\domains\noorlogic\wp-config.php(96): require_once('E:\\OpenServer\\d...')
#2 E:\OpenServer\domains\noorlogic\wp-load.php(50): require_once('E:\\OpenServer\\d...')
#3 E:\OpenServer\domains\noorlogic\wp-admin\admin.php(34): require_once('E:\\OpenServer\\d...')
#4 E:\OpenServer\domains\noorlogic\wp-admin\post.php(12): require_once('E:\\OpenServer\\d...')
#5 {main}
  thrown in E:\OpenServer\domains\noorlogic\wp-content\themes\storefront-child\functions.php on line 35

2022-03-02T09:48:40+00:00 CRITICAL Uncaught Error: Call to undefined function woocommerce_wp_text_input() in E:\OpenServer\domains\noorlogic\wp-content\themes\storefront-child\functions.php:35
Stack trace:
#0 E:\OpenServer\domains\noorlogic\wp-settings.php(555): include()
#1 E:\OpenServer\domains\noorlogic\wp-config.php(96): require_once('E:\\OpenServer\\d...')
#2 E:\OpenServer\domains\noorlogic\wp-load.php(50): require_once('E:\\OpenServer\\d...')
#3 E:\OpenServer\domains\noorlogic\wp-blog-header.php(13): require_once('E:\\OpenServer\\d...')
#4 E:\OpenServer\domains\noorlogic\index.php(17): require('E:\\OpenServer\\d...')
#5 {main}
  thrown in E:\OpenServer\domains\noorlogic\wp-content\themes\storefront-child\functions.php on line 35

2022-03-02T09:51:58+00:00 CRITICAL Cannot redeclare woocommerce_wp_radio() (previously declared in E:\OpenServer\domains\noorlogic\wp-content\themes\storefront-child\functions.php:35) in E:\OpenServer\domains\noorlogic\wp-content\plugins\woocommerce\includes\admin\wc-meta-box-functions.php on line 284

2022-03-02T09:52:01+00:00 CRITICAL Cannot redeclare woocommerce_wp_radio() (previously declared in E:\OpenServer\domains\noorlogic\wp-content\themes\storefront-child\functions.php:35) in E:\OpenServer\domains\noorlogic\wp-content\plugins\woocommerce\includes\admin\wc-meta-box-functions.php on line 284

2022-03-02T09:52:06+00:00 CRITICAL Cannot redeclare woocommerce_wp_radio() (previously declared in E:\OpenServer\domains\noorlogic\wp-content\themes\storefront-child\functions.php:35) in E:\OpenServer\domains\noorlogic\wp-content\plugins\woocommerce\includes\admin\wc-meta-box-functions.php on line 284

2022-03-02T09:52:25+00:00 CRITICAL Cannot redeclare woocommerce_wp_radio() (previously declared in E:\OpenServer\domains\noorlogic\wp-content\themes\storefront-child\functions.php:35) in E:\OpenServer\domains\noorlogic\wp-content\plugins\woocommerce\includes\admin\wc-meta-box-functions.php on line 284

2022-03-02T09:52:58+00:00 CRITICAL Cannot redeclare woocommerce_wp_radio() (previously declared in E:\OpenServer\domains\noorlogic\wp-content\themes\storefront-child\functions.php:35) in E:\OpenServer\domains\noorlogic\wp-content\plugins\woocommerce\includes\admin\wc-meta-box-functions.php on line 284

2022-03-02T10:00:02+00:00 CRITICAL syntax error, unexpected ';', expecting ')' in E:\OpenServer\domains\noorlogic\wp-content\themes\storefront-child\functions.php on line 34

2022-03-02T10:16:06+00:00 CRITICAL syntax error, unexpected '}' in E:\OpenServer\domains\noorlogic\wp-content\themes\storefront-child\functions.php on line 39

2022-03-02T10:17:45+00:00 CRITICAL syntax error, unexpected '}' in E:\OpenServer\domains\noorlogic\wp-content\themes\storefront-child\functions.php on line 39

2022-03-02T10:18:05+00:00 CRITICAL syntax error, unexpected '}' in E:\OpenServer\domains\noorlogic\wp-content\themes\storefront-child\functions.php on line 39

2022-03-02T10:18:08+00:00 CRITICAL syntax error, unexpected '}' in E:\OpenServer\domains\noorlogic\wp-content\themes\storefront-child\functions.php on line 39

2022-03-02T10:18:09+00:00 CRITICAL syntax error, unexpected '}' in E:\OpenServer\domains\noorlogic\wp-content\themes\storefront-child\functions.php on line 39

